-------------------------------------------------------------------------------
Test set: com.bankinc.cardmanager.controller.TransactionControllerTest
-------------------------------------------------------------------------------
Tests run: 6, Failures: 1, Errors: 0, Skipped: 0, Time elapsed: 0.852 s <<< FAILURE! -- in com.bankinc.cardmanager.controller.TransactionControllerTest
com.bankinc.cardmanager.controller.TransactionControllerTest.purchase_Success -- Time elapsed: 0.096 s <<< FAILURE!
java.lang.AssertionError: No value at JSON path "$.transactionId"
	at org.springframework.test.util.JsonPathExpectationsHelper.evaluateJsonPath(JsonPathExpectationsHelper.java:302)
	at org.springframework.test.util.JsonPathExpectationsHelper.assertValue(JsonPathExpectationsHelper.java:99)
	at org.springframework.test.web.servlet.result.JsonPathResultMatchers.lambda$value$2(JsonPathResultMatchers.java:111)
	at org.springframework.test.web.servlet.MockMvc$1.andExpect(MockMvc.java:214)
	at com.bankinc.cardmanager.controller.TransactionControllerTest.purchase_Success(TransactionControllerTest.java:53)
	at java.base/java.lang.reflect.Method.invoke(Method.java:580)
	at java.base/java.util.ArrayList.forEach(ArrayList.java:1596)
	at java.base/java.util.ArrayList.forEach(ArrayList.java:1596)
Caused by: com.jayway.jsonpath.PathNotFoundException: No results for path: $['transactionId']

